<?xml version="1.0" encoding="UTF-8"?>
<testng-results total="29" passed="25" failed="4" skipped="0">
  <reporter-output>
  </reporter-output>
  <suite started-at="2018-05-03T02:27:50Z" name="Default suite" finished-at="2018-05-03T02:40:32Z" duration-ms="762028">
    <groups>
    </groups>
    <test started-at="2018-05-03T02:27:50Z" name="Default test" finished-at="2018-05-03T02:40:32Z" duration-ms="762028">
      <class name="smokeTestFirefox.ValidateSmokeTest">
        <test-method signature="ValidateLogin()[pri:0, instance:smokeTestFirefox.ValidateSmokeTest@5049d8b2]" started-at="2018-05-03T07:27:50Z" name="ValidateLogin" finished-at="2018-05-03T07:28:35Z" duration-ms="44994" status="PASS">
          <reporter-output>
          </reporter-output>
        </test-method> <!-- ValidateLogin -->
        <test-method signature="ValidateFavoriteIcon()[pri:0, instance:smokeTestFirefox.ValidateSmokeTest@5049d8b2]" started-at="2018-05-03T07:28:35Z" name="ValidateFavoriteIcon" finished-at="2018-05-03T07:29:30Z" duration-ms="54572" status="PASS">
          <reporter-output>
          </reporter-output>
        </test-method> <!-- ValidateFavoriteIcon -->
        <test-method signature="ValidateSearching()[pri:0, instance:smokeTestFirefox.ValidateSmokeTest@5049d8b2]" started-at="2018-05-03T07:29:30Z" name="ValidateSearching" finished-at="2018-05-03T07:29:51Z" duration-ms="21226" status="PASS">
          <reporter-output>
          </reporter-output>
        </test-method> <!-- ValidateSearching -->
        <test-method signature="ValidateAddToCart()[pri:0, instance:smokeTestFirefox.ValidateSmokeTest@5049d8b2]" started-at="2018-05-03T07:29:51Z" name="ValidateAddToCart" finished-at="2018-05-03T07:30:45Z" duration-ms="54596" status="PASS">
          <reporter-output>
          </reporter-output>
        </test-method> <!-- ValidateAddToCart -->
        <test-method signature="ValidatePDP()[pri:0, instance:smokeTestFirefox.ValidateSmokeTest@5049d8b2]" started-at="2018-05-03T07:30:45Z" name="ValidatePDP" finished-at="2018-05-03T07:30:58Z" duration-ms="12601" status="PASS">
          <reporter-output>
          </reporter-output>
        </test-method> <!-- ValidatePDP -->
        <test-method signature="ValidateRecentViewLink()[pri:0, instance:smokeTestFirefox.ValidateSmokeTest@5049d8b2]" started-at="2018-05-03T07:30:58Z" name="ValidateRecentViewLink" finished-at="2018-05-03T07:31:03Z" duration-ms="5143" status="PASS">
          <reporter-output>
          </reporter-output>
        </test-method> <!-- ValidateRecentViewLink -->
        <test-method signature="ValidateFooterLogo()[pri:0, instance:smokeTestFirefox.ValidateSmokeTest@5049d8b2]" started-at="2018-05-03T07:31:03Z" name="ValidateFooterLogo" finished-at="2018-05-03T07:31:16Z" duration-ms="12478" status="PASS">
          <reporter-output>
          </reporter-output>
        </test-method> <!-- ValidateFooterLogo -->
        <test-method signature="ValidateMyProfNavigation()[pri:0, instance:smokeTestFirefox.ValidateSmokeTest@5049d8b2]" started-at="2018-05-03T07:31:16Z" name="ValidateMyProfNavigation" finished-at="2018-05-03T07:31:30Z" duration-ms="14216" status="PASS">
          <reporter-output>
          </reporter-output>
        </test-method> <!-- ValidateMyProfNavigation -->
        <test-method signature="ValidateHeaderLogo()[pri:0, instance:smokeTestFirefox.ValidateSmokeTest@5049d8b2]" started-at="2018-05-03T07:31:30Z" name="ValidateHeaderLogo" finished-at="2018-05-03T07:31:38Z" duration-ms="8303" status="PASS">
          <reporter-output>
          </reporter-output>
        </test-method> <!-- ValidateHeaderLogo -->
        <test-method signature="ValidateStandardsCatalog()[pri:0, instance:smokeTestFirefox.ValidateSmokeTest@5049d8b2]" started-at="2018-05-03T07:31:38Z" name="ValidateStandardsCatalog" finished-at="2018-05-03T07:31:52Z" duration-ms="13602" status="PASS">
          <reporter-output>
          </reporter-output>
        </test-method> <!-- ValidateStandardsCatalog -->
        <test-method signature="ValidateStandardsCatalogDetail()[pri:0, instance:smokeTestFirefox.ValidateSmokeTest@5049d8b2]" started-at="2018-05-03T07:31:52Z" name="ValidateStandardsCatalogDetail" finished-at="2018-05-03T07:32:36Z" duration-ms="44688" status="FAIL">
          <exception class="org.openqa.selenium.TimeoutException">
            <message>
              <![CDATA[Expected condition failed: waiting for element to be clickable: [[FirefoxDriver: firefox on ANY (a7066d96-d891-4972-b612-cf9a7b843790)] -> xpath: (//button[@title='Close (Esc)'])[2]] (tried for 20 second(s) with 500 MILLISECONDS interval)
Build info: version: '3.4.0', revision: 'unknown', time: 'unknown'
System info: host: 'DESKTOP-GAH683G', ip: '10.0.2.15', os.name: 'Windows 10', os.arch: 'amd64', os.version: '10.0', java.version: '9.0.1'
Driver info: org.openqa.selenium.firefox.FirefoxDriver
Capabilities [{moz:profile=C:\Users\bilaw\AppData\Local\Temp\rust_mozprofile.2Q8QNTu7J8Au, rotatable=false, timeouts={implicit=0.0, pageLoad=300000.0, script=30000.0}, pageLoadStrategy=normal, moz:headless=false, platform=ANY, moz:accessibilityChecks=false, acceptInsecureCerts=false, browserVersion=57.0a1, platformVersion=10.0, moz:processID=8992.0, browserName=firefox, javascriptEnabled=true, platformName=windows_nt, moz:webdriverClick=false}]
Session ID: a7066d96-d891-4972-b612-cf9a7b843790]]>
            </message>
            <full-stacktrace>
              <![CDATA[org.openqa.selenium.TimeoutException: Expected condition failed: waiting for element to be clickable: [[FirefoxDriver: firefox on ANY (a7066d96-d891-4972-b612-cf9a7b843790)] -> xpath: (//button[@title='Close (Esc)'])[2]] (tried for 20 second(s) with 500 MILLISECONDS interval)
Build info: version: '3.4.0', revision: 'unknown', time: 'unknown'
System info: host: 'DESKTOP-GAH683G', ip: '10.0.2.15', os.name: 'Windows 10', os.arch: 'amd64', os.version: '10.0', java.version: '9.0.1'
Driver info: org.openqa.selenium.firefox.FirefoxDriver
Capabilities [{moz:profile=C:\Users\bilaw\AppData\Local\Temp\rust_mozprofile.2Q8QNTu7J8Au, rotatable=false, timeouts={implicit=0.0, pageLoad=300000.0, script=30000.0}, pageLoadStrategy=normal, moz:headless=false, platform=ANY, moz:accessibilityChecks=false, acceptInsecureCerts=false, browserVersion=57.0a1, platformVersion=10.0, moz:processID=8992.0, browserName=firefox, javascriptEnabled=true, platformName=windows_nt, moz:webdriverClick=false}]
Session ID: a7066d96-d891-4972-b612-cf9a7b843790
	at org.openqa.selenium.support.ui.WebDriverWait.timeoutException(WebDriverWait.java:80)
	at org.openqa.selenium.support.ui.FluentWait.until(FluentWait.java:232)
	at smokeTestFirefox.ValidateSmokeTest.ValidateStandardsCatalogDetail(ValidateSmokeTest.java:494)
	at java.base/jdk.internal.reflect.NativeMethodAccessorImpl.invoke0(Native Method)
	at java.base/jdk.internal.reflect.NativeMethodAccessorImpl.invoke(NativeMethodAccessorImpl.java:62)
	at java.base/jdk.internal.reflect.DelegatingMethodAccessorImpl.invoke(DelegatingMethodAccessorImpl.java:43)
	at java.base/java.lang.reflect.Method.invoke(Method.java:564)
	at org.testng.internal.MethodInvocationHelper.invokeMethod(MethodInvocationHelper.java:80)
	at org.testng.internal.Invoker.invokeMethod(Invoker.java:714)
	at org.testng.internal.Invoker.invokeTestMethod(Invoker.java:901)
	at org.testng.internal.Invoker.invokeTestMethods(Invoker.java:1231)
	at org.testng.internal.TestMethodWorker.invokeTestMethods(TestMethodWorker.java:127)
	at org.testng.internal.TestMethodWorker.run(TestMethodWorker.java:111)
	at org.testng.TestRunner.privateRun(TestRunner.java:767)
	at org.testng.TestRunner.run(TestRunner.java:617)
	at org.testng.SuiteRunner.runTest(SuiteRunner.java:334)
	at org.testng.SuiteRunner.runSequentially(SuiteRunner.java:329)
	at org.testng.SuiteRunner.privateRun(SuiteRunner.java:291)
	at org.testng.SuiteRunner.run(SuiteRunner.java:240)
	at org.testng.SuiteRunnerWorker.runSuite(SuiteRunnerWorker.java:52)
	at org.testng.SuiteRunnerWorker.run(SuiteRunnerWorker.java:86)
	at org.testng.TestNG.runSuitesSequentially(TestNG.java:1198)
	at org.testng.TestNG.runSuitesLocally(TestNG.java:1123)
	at org.testng.TestNG.run(TestNG.java:1031)
	at org.testng.remote.AbstractRemoteTestNG.run(AbstractRemoteTestNG.java:114)
	at org.testng.remote.RemoteTestNG.initAndRun(RemoteTestNG.java:251)
	at org.testng.remote.RemoteTestNG.main(RemoteTestNG.java:77)
]]>
            </full-stacktrace>
          </exception> <!-- org.openqa.selenium.TimeoutException -->
          <reporter-output>
          </reporter-output>
        </test-method> <!-- ValidateStandardsCatalogDetail -->
        <test-method signature="ValidateAllProduct()[pri:0, instance:smokeTestFirefox.ValidateSmokeTest@5049d8b2]" started-at="2018-05-03T07:32:36Z" name="ValidateAllProduct" finished-at="2018-05-03T07:32:42Z" duration-ms="5290" status="FAIL">
          <exception class="java.lang.AssertionError">
            <message>
              <![CDATA[expected [All Products - MarkITplace] but found [HP Officejet Pro 8710 All-in-One - Multifunction printer - MarkITplace]]]>
            </message>
            <full-stacktrace>
              <![CDATA[java.lang.AssertionError: expected [All Products - MarkITplace] but found [HP Officejet Pro 8710 All-in-One - Multifunction printer - MarkITplace]
	at org.testng.Assert.fail(Assert.java:94)
	at org.testng.Assert.failNotEquals(Assert.java:494)
	at org.testng.Assert.assertEquals(Assert.java:123)
	at org.testng.Assert.assertEquals(Assert.java:176)
	at org.testng.Assert.assertEquals(Assert.java:186)
	at smokeTestFirefox.ValidateSmokeTest.ValidateAllProduct(ValidateSmokeTest.java:516)
	at java.base/jdk.internal.reflect.NativeMethodAccessorImpl.invoke0(Native Method)
	at java.base/jdk.internal.reflect.NativeMethodAccessorImpl.invoke(NativeMethodAccessorImpl.java:62)
	at java.base/jdk.internal.reflect.DelegatingMethodAccessorImpl.invoke(DelegatingMethodAccessorImpl.java:43)
	at java.base/java.lang.reflect.Method.invoke(Method.java:564)
	at org.testng.internal.MethodInvocationHelper.invokeMethod(MethodInvocationHelper.java:80)
	at org.testng.internal.Invoker.invokeMethod(Invoker.java:714)
	at org.testng.internal.Invoker.invokeTestMethod(Invoker.java:901)
	at org.testng.internal.Invoker.invokeTestMethods(Invoker.java:1231)
	at org.testng.internal.TestMethodWorker.invokeTestMethods(TestMethodWorker.java:127)
	at org.testng.internal.TestMethodWorker.run(TestMethodWorker.java:111)
	at org.testng.TestRunner.privateRun(TestRunner.java:767)
	at org.testng.TestRunner.run(TestRunner.java:617)
	at org.testng.SuiteRunner.runTest(SuiteRunner.java:334)
	at org.testng.SuiteRunner.runSequentially(SuiteRunner.java:329)
	at org.testng.SuiteRunner.privateRun(SuiteRunner.java:291)
	at org.testng.SuiteRunner.run(SuiteRunner.java:240)
	at org.testng.SuiteRunnerWorker.runSuite(SuiteRunnerWorker.java:52)
	at org.testng.SuiteRunnerWorker.run(SuiteRunnerWorker.java:86)
	at org.testng.TestNG.runSuitesSequentially(TestNG.java:1198)
	at org.testng.TestNG.runSuitesLocally(TestNG.java:1123)
	at org.testng.TestNG.run(TestNG.java:1031)
	at org.testng.remote.AbstractRemoteTestNG.run(AbstractRemoteTestNG.java:114)
	at org.testng.remote.RemoteTestNG.initAndRun(RemoteTestNG.java:251)
	at org.testng.remote.RemoteTestNG.main(RemoteTestNG.java:77)
]]>
            </full-stacktrace>
          </exception> <!-- java.lang.AssertionError -->
          <reporter-output>
          </reporter-output>
        </test-method> <!-- ValidateAllProduct -->
        <test-method signature="ValidateAudioCablesCategory()[pri:0, instance:smokeTestFirefox.ValidateSmokeTest@5049d8b2]" started-at="2018-05-03T07:32:42Z" name="ValidateAudioCablesCategory" finished-at="2018-05-03T07:32:52Z" duration-ms="10020" status="FAIL">
          <exception class="org.openqa.selenium.NoSuchElementException">
            <message>
              <![CDATA[Unable to locate element: (//a[text()='Audio Cables'])[2]
For documentation on this error, please visit: http://seleniumhq.org/exceptions/no_such_element.html
Build info: version: '3.4.0', revision: 'unknown', time: 'unknown'
System info: host: 'DESKTOP-GAH683G', ip: '10.0.2.15', os.name: 'Windows 10', os.arch: 'amd64', os.version: '10.0', java.version: '9.0.1'
Driver info: org.openqa.selenium.firefox.FirefoxDriver
Capabilities [{moz:profile=C:\Users\bilaw\AppData\Local\Temp\rust_mozprofile.2Q8QNTu7J8Au, rotatable=false, timeouts={implicit=0.0, pageLoad=300000.0, script=30000.0}, pageLoadStrategy=normal, moz:headless=false, platform=ANY, moz:accessibilityChecks=false, acceptInsecureCerts=false, browserVersion=57.0a1, platformVersion=10.0, moz:processID=8992.0, browserName=firefox, javascriptEnabled=true, platformName=windows_nt, moz:webdriverClick=false}]
Session ID: a7066d96-d891-4972-b612-cf9a7b843790
*** Element info: {Using=xpath, value=(//a[text()='Audio Cables'])[2]}]]>
            </message>
            <full-stacktrace>
              <![CDATA[org.openqa.selenium.NoSuchElementException: Unable to locate element: (//a[text()='Audio Cables'])[2]
For documentation on this error, please visit: http://seleniumhq.org/exceptions/no_such_element.html
Build info: version: '3.4.0', revision: 'unknown', time: 'unknown'
System info: host: 'DESKTOP-GAH683G', ip: '10.0.2.15', os.name: 'Windows 10', os.arch: 'amd64', os.version: '10.0', java.version: '9.0.1'
Driver info: org.openqa.selenium.firefox.FirefoxDriver
Capabilities [{moz:profile=C:\Users\bilaw\AppData\Local\Temp\rust_mozprofile.2Q8QNTu7J8Au, rotatable=false, timeouts={implicit=0.0, pageLoad=300000.0, script=30000.0}, pageLoadStrategy=normal, moz:headless=false, platform=ANY, moz:accessibilityChecks=false, acceptInsecureCerts=false, browserVersion=57.0a1, platformVersion=10.0, moz:processID=8992.0, browserName=firefox, javascriptEnabled=true, platformName=windows_nt, moz:webdriverClick=false}]
Session ID: a7066d96-d891-4972-b612-cf9a7b843790
*** Element info: {Using=xpath, value=(//a[text()='Audio Cables'])[2]}
	at java.base/jdk.internal.reflect.NativeConstructorAccessorImpl.newInstance0(Native Method)
	at java.base/jdk.internal.reflect.NativeConstructorAccessorImpl.newInstance(NativeConstructorAccessorImpl.java:62)
	at java.base/jdk.internal.reflect.DelegatingConstructorAccessorImpl.newInstance(DelegatingConstructorAccessorImpl.java:45)
	at java.base/java.lang.reflect.Constructor.newInstance(Constructor.java:488)
	at org.openqa.selenium.remote.http.W3CHttpResponseCodec.createException(W3CHttpResponseCodec.java:150)
	at org.openqa.selenium.remote.http.W3CHttpResponseCodec.decode(W3CHttpResponseCodec.java:115)
	at org.openqa.selenium.remote.http.W3CHttpResponseCodec.decode(W3CHttpResponseCodec.java:45)
	at org.openqa.selenium.remote.HttpCommandExecutor.execute(HttpCommandExecutor.java:164)
	at org.openqa.selenium.remote.service.DriverCommandExecutor.execute(DriverCommandExecutor.java:82)
	at org.openqa.selenium.remote.RemoteWebDriver.execute(RemoteWebDriver.java:637)
	at org.openqa.selenium.remote.RemoteWebDriver.findElement(RemoteWebDriver.java:410)
	at org.openqa.selenium.remote.RemoteWebDriver.findElementByXPath(RemoteWebDriver.java:509)
	at org.openqa.selenium.By$ByXPath.findElement(By.java:361)
	at org.openqa.selenium.remote.RemoteWebDriver.findElement(RemoteWebDriver.java:402)
	at pageObjects.AllProducts.getAudioCablesFF(AllProducts.java:29)
	at smokeTestFirefox.ValidateSmokeTest.ValidateAudioCablesCategory(ValidateSmokeTest.java:523)
	at java.base/jdk.internal.reflect.NativeMethodAccessorImpl.invoke0(Native Method)
	at java.base/jdk.internal.reflect.NativeMethodAccessorImpl.invoke(NativeMethodAccessorImpl.java:62)
	at java.base/jdk.internal.reflect.DelegatingMethodAccessorImpl.invoke(DelegatingMethodAccessorImpl.java:43)
	at java.base/java.lang.reflect.Method.invoke(Method.java:564)
	at org.testng.internal.MethodInvocationHelper.invokeMethod(MethodInvocationHelper.java:80)
	at org.testng.internal.Invoker.invokeMethod(Invoker.java:714)
	at org.testng.internal.Invoker.invokeTestMethod(Invoker.java:901)
	at org.testng.internal.Invoker.invokeTestMethods(Invoker.java:1231)
	at org.testng.internal.TestMethodWorker.invokeTestMethods(TestMethodWorker.java:127)
	at org.testng.internal.TestMethodWorker.run(TestMethodWorker.java:111)
	at org.testng.TestRunner.privateRun(TestRunner.java:767)
	at org.testng.TestRunner.run(TestRunner.java:617)
	at org.testng.SuiteRunner.runTest(SuiteRunner.java:334)
	at org.testng.SuiteRunner.runSequentially(SuiteRunner.java:329)
	at org.testng.SuiteRunner.privateRun(SuiteRunner.java:291)
	at org.testng.SuiteRunner.run(SuiteRunner.java:240)
	at org.testng.SuiteRunnerWorker.runSuite(SuiteRunnerWorker.java:52)
	at org.testng.SuiteRunnerWorker.run(SuiteRunnerWorker.java:86)
	at org.testng.TestNG.runSuitesSequentially(TestNG.java:1198)
	at org.testng.TestNG.runSuitesLocally(TestNG.java:1123)
	at org.testng.TestNG.run(TestNG.java:1031)
	at org.testng.remote.AbstractRemoteTestNG.run(AbstractRemoteTestNG.java:114)
	at org.testng.remote.RemoteTestNG.initAndRun(RemoteTestNG.java:251)
	at org.testng.remote.RemoteTestNG.main(RemoteTestNG.java:77)
]]>
            </full-stacktrace>
          </exception> <!-- org.openqa.selenium.NoSuchElementException -->
          <reporter-output>
          </reporter-output>
        </test-method> <!-- ValidateAudioCablesCategory -->
        <test-method signature="ValidateResources()[pri:0, instance:smokeTestFirefox.ValidateSmokeTest@5049d8b2]" started-at="2018-05-03T07:32:52Z" name="ValidateResources" finished-at="2018-05-03T07:33:06Z" duration-ms="13977" status="PASS">
          <reporter-output>
          </reporter-output>
        </test-method> <!-- ValidateResources -->
        <test-method signature="ValidateSpecialOffer()[pri:0, instance:smokeTestFirefox.ValidateSmokeTest@5049d8b2]" started-at="2018-05-03T07:33:06Z" name="ValidateSpecialOffer" finished-at="2018-05-03T07:33:15Z" duration-ms="9788" status="PASS">
          <reporter-output>
          </reporter-output>
        </test-method> <!-- ValidateSpecialOffer -->
        <test-method signature="ValidateCartPage()[pri:0, instance:smokeTestFirefox.ValidateSmokeTest@5049d8b2]" started-at="2018-05-03T07:33:15Z" name="ValidateCartPage" finished-at="2018-05-03T07:33:23Z" duration-ms="7636" status="PASS">
          <reporter-output>
          </reporter-output>
        </test-method> <!-- ValidateCartPage -->
        <test-method signature="ValidateRemoveFromCart()[pri:0, instance:smokeTestFirefox.ValidateSmokeTest@5049d8b2]" started-at="2018-05-03T07:33:23Z" name="ValidateRemoveFromCart" finished-at="2018-05-03T07:33:32Z" duration-ms="9039" status="PASS">
          <reporter-output>
          </reporter-output>
        </test-method> <!-- ValidateRemoveFromCart -->
        <test-method signature="ValidateCheckoutProcess()[pri:0, instance:smokeTestFirefox.ValidateSmokeTest@5049d8b2]" started-at="2018-05-03T07:33:32Z" name="ValidateCheckoutProcess" finished-at="2018-05-03T07:33:42Z" duration-ms="10022" status="FAIL">
          <exception class="org.openqa.selenium.NoSuchElementException">
            <message>
              <![CDATA[Unable to locate element: //a[@class='btn btn-primary proceed-checkout ']
For documentation on this error, please visit: http://seleniumhq.org/exceptions/no_such_element.html
Build info: version: '3.4.0', revision: 'unknown', time: 'unknown'
System info: host: 'DESKTOP-GAH683G', ip: '10.0.2.15', os.name: 'Windows 10', os.arch: 'amd64', os.version: '10.0', java.version: '9.0.1'
Driver info: org.openqa.selenium.firefox.FirefoxDriver
Capabilities [{moz:profile=C:\Users\bilaw\AppData\Local\Temp\rust_mozprofile.2Q8QNTu7J8Au, rotatable=false, timeouts={implicit=0.0, pageLoad=300000.0, script=30000.0}, pageLoadStrategy=normal, moz:headless=false, platform=ANY, moz:accessibilityChecks=false, acceptInsecureCerts=false, browserVersion=57.0a1, platformVersion=10.0, moz:processID=8992.0, browserName=firefox, javascriptEnabled=true, platformName=windows_nt, moz:webdriverClick=false}]
Session ID: a7066d96-d891-4972-b612-cf9a7b843790
*** Element info: {Using=xpath, value=//a[@class='btn btn-primary proceed-checkout ']}]]>
            </message>
            <full-stacktrace>
              <![CDATA[org.openqa.selenium.NoSuchElementException: Unable to locate element: //a[@class='btn btn-primary proceed-checkout ']
For documentation on this error, please visit: http://seleniumhq.org/exceptions/no_such_element.html
Build info: version: '3.4.0', revision: 'unknown', time: 'unknown'
System info: host: 'DESKTOP-GAH683G', ip: '10.0.2.15', os.name: 'Windows 10', os.arch: 'amd64', os.version: '10.0', java.version: '9.0.1'
Driver info: org.openqa.selenium.firefox.FirefoxDriver
Capabilities [{moz:profile=C:\Users\bilaw\AppData\Local\Temp\rust_mozprofile.2Q8QNTu7J8Au, rotatable=false, timeouts={implicit=0.0, pageLoad=300000.0, script=30000.0}, pageLoadStrategy=normal, moz:headless=false, platform=ANY, moz:accessibilityChecks=false, acceptInsecureCerts=false, browserVersion=57.0a1, platformVersion=10.0, moz:processID=8992.0, browserName=firefox, javascriptEnabled=true, platformName=windows_nt, moz:webdriverClick=false}]
Session ID: a7066d96-d891-4972-b612-cf9a7b843790
*** Element info: {Using=xpath, value=//a[@class='btn btn-primary proceed-checkout ']}
	at java.base/jdk.internal.reflect.NativeConstructorAccessorImpl.newInstance0(Native Method)
	at java.base/jdk.internal.reflect.NativeConstructorAccessorImpl.newInstance(NativeConstructorAccessorImpl.java:62)
	at java.base/jdk.internal.reflect.DelegatingConstructorAccessorImpl.newInstance(DelegatingConstructorAccessorImpl.java:45)
	at java.base/java.lang.reflect.Constructor.newInstance(Constructor.java:488)
	at org.openqa.selenium.remote.http.W3CHttpResponseCodec.createException(W3CHttpResponseCodec.java:150)
	at org.openqa.selenium.remote.http.W3CHttpResponseCodec.decode(W3CHttpResponseCodec.java:115)
	at org.openqa.selenium.remote.http.W3CHttpResponseCodec.decode(W3CHttpResponseCodec.java:45)
	at org.openqa.selenium.remote.HttpCommandExecutor.execute(HttpCommandExecutor.java:164)
	at org.openqa.selenium.remote.service.DriverCommandExecutor.execute(DriverCommandExecutor.java:82)
	at org.openqa.selenium.remote.RemoteWebDriver.execute(RemoteWebDriver.java:637)
	at org.openqa.selenium.remote.RemoteWebDriver.findElement(RemoteWebDriver.java:410)
	at org.openqa.selenium.remote.RemoteWebDriver.findElementByXPath(RemoteWebDriver.java:509)
	at org.openqa.selenium.By$ByXPath.findElement(By.java:361)
	at org.openqa.selenium.remote.RemoteWebDriver.findElement(RemoteWebDriver.java:402)
	at pageObjects.CartPage.getCheckoutBtnFF(CartPage.java:38)
	at smokeTestFirefox.ValidateSmokeTest.ValidateCheckoutProcess(ValidateSmokeTest.java:634)
	at java.base/jdk.internal.reflect.NativeMethodAccessorImpl.invoke0(Native Method)
	at java.base/jdk.internal.reflect.NativeMethodAccessorImpl.invoke(NativeMethodAccessorImpl.java:62)
	at java.base/jdk.internal.reflect.DelegatingMethodAccessorImpl.invoke(DelegatingMethodAccessorImpl.java:43)
	at java.base/java.lang.reflect.Method.invoke(Method.java:564)
	at org.testng.internal.MethodInvocationHelper.invokeMethod(MethodInvocationHelper.java:80)
	at org.testng.internal.Invoker.invokeMethod(Invoker.java:714)
	at org.testng.internal.Invoker.invokeTestMethod(Invoker.java:901)
	at org.testng.internal.Invoker.invokeTestMethods(Invoker.java:1231)
	at org.testng.internal.TestMethodWorker.invokeTestMethods(TestMethodWorker.java:127)
	at org.testng.internal.TestMethodWorker.run(TestMethodWorker.java:111)
	at org.testng.TestRunner.privateRun(TestRunner.java:767)
	at org.testng.TestRunner.run(TestRunner.java:617)
	at org.testng.SuiteRunner.runTest(SuiteRunner.java:334)
	at org.testng.SuiteRunner.runSequentially(SuiteRunner.java:329)
	at org.testng.SuiteRunner.privateRun(SuiteRunner.java:291)
	at org.testng.SuiteRunner.run(SuiteRunner.java:240)
	at org.testng.SuiteRunnerWorker.runSuite(SuiteRunnerWorker.java:52)
	at org.testng.SuiteRunnerWorker.run(SuiteRunnerWorker.java:86)
	at org.testng.TestNG.runSuitesSequentially(TestNG.java:1198)
	at org.testng.TestNG.runSuitesLocally(TestNG.java:1123)
	at org.testng.TestNG.run(TestNG.java:1031)
	at org.testng.remote.AbstractRemoteTestNG.run(AbstractRemoteTestNG.java:114)
	at org.testng.remote.RemoteTestNG.initAndRun(RemoteTestNG.java:251)
	at org.testng.remote.RemoteTestNG.main(RemoteTestNG.java:77)
]]>
            </full-stacktrace>
          </exception> <!-- org.openqa.selenium.NoSuchElementException -->
          <reporter-output>
          </reporter-output>
        </test-method> <!-- ValidateCheckoutProcess -->
        <test-method signature="ValidateCheckoutHeaderLogo()[pri:0, instance:smokeTestFirefox.ValidateSmokeTest@5049d8b2]" started-at="2018-05-03T07:33:42Z" name="ValidateCheckoutHeaderLogo" finished-at="2018-05-03T07:33:49Z" duration-ms="6850" status="PASS">
          <reporter-output>
          </reporter-output>
        </test-method> <!-- ValidateCheckoutHeaderLogo -->
        <test-method signature="ValidateCheckoutFooterLogo()[pri:0, instance:smokeTestFirefox.ValidateSmokeTest@5049d8b2]" started-at="2018-05-03T07:33:49Z" name="ValidateCheckoutFooterLogo" finished-at="2018-05-03T07:33:57Z" duration-ms="8343" status="PASS">
          <reporter-output>
          </reporter-output>
        </test-method> <!-- ValidateCheckoutFooterLogo -->
        <test-method signature="ValidateFooterLinks()[pri:0, instance:smokeTestFirefox.ValidateSmokeTest@5049d8b2]" started-at="2018-05-03T07:33:57Z" name="ValidateFooterLinks" finished-at="2018-05-03T07:34:34Z" duration-ms="36771" status="PASS">
          <reporter-output>
          </reporter-output>
        </test-method> <!-- ValidateFooterLinks -->
        <test-method signature="ValidateTrackpage()[pri:0, instance:smokeTestFirefox.ValidateSmokeTest@5049d8b2]" started-at="2018-05-03T07:34:34Z" name="ValidateTrackpage" finished-at="2018-05-03T07:35:00Z" duration-ms="25359" status="PASS">
          <reporter-output>
          </reporter-output>
        </test-method> <!-- ValidateTrackpage -->
        <test-method signature="ValidateordersPage()[pri:0, instance:smokeTestFirefox.ValidateSmokeTest@5049d8b2]" started-at="2018-05-03T07:35:00Z" name="ValidateordersPage" finished-at="2018-05-03T07:35:53Z" duration-ms="53121" status="PASS">
          <reporter-output>
          </reporter-output>
        </test-method> <!-- ValidateordersPage -->
        <test-method signature="ValidatePurchaseAnalysisPage()[pri:0, instance:smokeTestFirefox.ValidateSmokeTest@5049d8b2]" started-at="2018-05-03T07:35:53Z" name="ValidatePurchaseAnalysisPage" finished-at="2018-05-03T07:36:13Z" duration-ms="20476" status="PASS">
          <reporter-output>
          </reporter-output>
        </test-method> <!-- ValidatePurchaseAnalysisPage -->
        <test-method signature="ValidatePAEmail()[pri:0, instance:smokeTestFirefox.ValidateSmokeTest@5049d8b2]" started-at="2018-05-03T07:36:13Z" name="ValidatePAEmail" finished-at="2018-05-03T07:36:27Z" duration-ms="14249" status="PASS">
          <reporter-output>
          </reporter-output>
        </test-method> <!-- ValidatePAEmail -->
        <test-method signature="ValidateCalendarPage()[pri:0, instance:smokeTestFirefox.ValidateSmokeTest@5049d8b2]" started-at="2018-05-03T07:36:27Z" name="ValidateCalendarPage" finished-at="2018-05-03T07:36:58Z" duration-ms="30585" status="PASS">
          <reporter-output>
          </reporter-output>
        </test-method> <!-- ValidateCalendarPage -->
        <test-method signature="ValidateCalendarLinks()[pri:0, instance:smokeTestFirefox.ValidateSmokeTest@5049d8b2]" started-at="2018-05-03T07:36:58Z" name="ValidateCalendarLinks" finished-at="2018-05-03T07:38:50Z" duration-ms="111991" status="PASS">
          <reporter-output>
          </reporter-output>
        </test-method> <!-- ValidateCalendarLinks -->
        <test-method signature="ValidateAllReportsLinks()[pri:0, instance:smokeTestFirefox.ValidateSmokeTest@5049d8b2]" started-at="2018-05-03T07:38:50Z" name="ValidateAllReportsLinks" finished-at="2018-05-03T07:40:00Z" duration-ms="69734" status="PASS">
          <reporter-output>
          </reporter-output>
        </test-method> <!-- ValidateAllReportsLinks -->
        <test-method signature="ValidateSavedReports()[pri:0, instance:smokeTestFirefox.ValidateSmokeTest@5049d8b2]" started-at="2018-05-03T07:40:00Z" name="ValidateSavedReports" finished-at="2018-05-03T07:40:20Z" duration-ms="19939" status="PASS">
          <reporter-output>
          </reporter-output>
        </test-method> <!-- ValidateSavedReports -->
        <test-method is-config="true" signature="closebrowser()[pri:0, instance:smokeTestFirefox.ValidateSmokeTest@5049d8b2]" started-at="2018-05-03T07:40:20Z" name="closebrowser" finished-at="2018-05-03T07:40:32Z" duration-ms="12331" status="PASS">
          <reporter-output>
          </reporter-output>
        </test-method> <!-- closebrowser -->
      </class> <!-- smokeTestFirefox.ValidateSmokeTest -->
    </test> <!-- Default test -->
  </suite> <!-- Default suite -->
</testng-results>
